<?xml version="1.0" encoding="UTF-8"?>
<testsuites name="Tambah Logbook" time="19.178" tests="2" failures="0" errors="0">
   <testsuite name="Tambah Logbook" tests="2" failures="0" errors="0" time="19.178" skipped="0" timestamp="2023-08-03 16:28:25" hostname="HRD SHARING VISION - DESKTOP-RO2JRQG" id="Test Suites/Tambah Logbook">
      <properties>
         <property name="deviceName" value=""/>
         <property name="devicePlatform" value=""/>
         <property name="logFolder" value="C:\\Users\\HRD SHARING VISION\\Katalon Studio\\hrsv-test-training\\Reports\\20230803_162816\\Tambah Logbook\\20230803_162816"/>
         <property name="logFiles" value="C:\\Users\\HRD SHARING VISION\\Katalon Studio\\hrsv-test-training\\Reports\\20230803_162816\\Tambah Logbook\\20230803_162816\\execution0.log"/>
         <property name="attachments" value=""/>
         <property name="hostName" value="HRD SHARING VISION - DESKTOP-RO2JRQG"/>
         <property name="os" value="Windows 11 64bit"/>
         <property name="katalonVersion" value="8.6.5.208"/>
         <property name="browser" value="Chrome 115.0.0.0"/>
         <property name="hostAddress" value="192.168.1.27"/>
         <property name="sessionId" value="8690c40918180c0174fa58a236aa3861"/>
         <property name="seleniumVersion" value="3.141.59"/>
         <property name="proxyInformation" value="ProxyInformation { proxyOption=NO_PROXY, proxyServerType=HTTP, username=, password=********, proxyServerAddress=, proxyServerPort=0, executionList=&quot;&quot;, isApplyToDesiredCapabilities=true }"/>
         <property name="platform" value="Windows 11"/>
      </properties>
      <testcase name="Test Cases/Login/TCLogin_Positive" time="5.858" classname="Test Cases/Login/TCLogin_Positive" status="PASSED">
         <system-out><![CDATA[2023-08-03 16:28:25 - [TEST_CASE][PASSED] - Test Cases/Login/TCLogin_Positive: Test Cases/Login/TCLogin_Positive

2023-08-03 16:28:25 - [TEST_STEP][PASSED] - openWebDriver(): Action delay is set to 0 milliseconds

2023-08-03 16:28:25 - [MESSAGE][INFO] - Starting 'Chrome' driver

2023-08-03 16:28:26 - [MESSAGE][INFO] - Action delay is set to 0 milliseconds

2023-08-03 16:28:28 - [TEST_STEP][PASSED] - navigateToUrl("http://103.180.125.58:8080/#/login"): Navigate to 'http://103.180.125.58:8080/#/login' successfully

2023-08-03 16:28:29 - [MESSAGE][PASSED] - Navigate to 'http://103.180.125.58:8080/#/login' successfully

2023-08-03 16:28:29 - [TEST_STEP][PASSED] - setText(findTestObject("login/username_object"), "dianaslama"): Text 'dianaslama' is set on object 'Object Repository/login/username_object'

2023-08-03 16:28:30 - [MESSAGE][PASSED] - Text 'dianaslama' is set on object 'Object Repository/login/username_object'

2023-08-03 16:28:30 - [TEST_STEP][PASSED] - setText(findTestObject("login/password_object"), "dianaslama"): Text 'dianaslama' is set on object 'Object Repository/login/password_object'

2023-08-03 16:28:30 - [MESSAGE][PASSED] - Text 'dianaslama' is set on object 'Object Repository/login/password_object'

2023-08-03 16:28:30 - [TEST_STEP][PASSED] - click(findTestObject("login/button_object")): Object: 'Object Repository/login/button_object' is clicked on

2023-08-03 16:28:31 - [MESSAGE][PASSED] - Object: 'Object Repository/login/button_object' is clicked on]]></system-out>
         <system-err><![CDATA[]]></system-err>
      </testcase>
      <testcase name="Test Cases/Logbook/001 Capaian Negative" time="13.0" classname="Test Cases/Logbook/001 Capaian Negative" status="PASSED">
         <system-out><![CDATA[2023-08-03 16:28:31 - [TEST_CASE][PASSED] - Test Cases/Logbook/001 Capaian Negative: Test Cases/Logbook/001 Capaian Negative

2023-08-03 16:28:31 - [TEST_STEP][PASSED] - click(findTestObject("tambahlogbook/button_Tambah Logbook")): Object: 'Object Repository/tambahlogbook/button_Tambah Logbook' is clicked on

2023-08-03 16:28:32 - [MESSAGE][PASSED] - Object: 'Object Repository/tambahlogbook/button_Tambah Logbook' is clicked on

2023-08-03 16:28:32 - [TEST_STEP][PASSED] - inputFieldmulai = waitForElementVisible(findTestObject("tambahlogbook/input_Jam Mulai"), 30): Object 'Object Repository/tambahlogbook/input_Jam Mulai' is visible

2023-08-03 16:28:32 - [MESSAGE][PASSED] - Object 'Object Repository/tambahlogbook/input_Jam Mulai' is visible

2023-08-03 16:28:32 - [TEST_STEP][PASSED] - inputFieldselesai = waitForElementVisible(findTestObject("tambahlogbook/input_Jam Selesai"), 30): Object 'Object Repository/tambahlogbook/input_Jam Selesai' is visible

2023-08-03 16:28:33 - [MESSAGE][PASSED] - Object 'Object Repository/tambahlogbook/input_Jam Selesai' is visible

2023-08-03 16:28:33 - [TEST_STEP][PASSED] - executeJavaScript("arguments[0].value = '13:00';", Arrays.asList(inputFieldmulai)): Execute JavaScript 'arguments[0].value = '13:00';' successfully

2023-08-03 16:28:33 - [MESSAGE][PASSED] - Execute JavaScript 'arguments[0].value = '13:00';' successfully

2023-08-03 16:28:33 - [TEST_STEP][PASSED] - executeJavaScript("arguments[0].value = '04:00';", Arrays.asList(inputFieldselesai)): Execute JavaScript 'arguments[0].value = '04:00';' successfully

2023-08-03 16:28:33 - [MESSAGE][PASSED] - Execute JavaScript 'arguments[0].value = '04:00';' successfully

2023-08-03 16:28:33 - [TEST_STEP][PASSED] - setText(findTestObject("tambahlogbook/input_Tanggal"), "01/07/2023"): Text '01/07/2023' is set on object 'Object Repository/tambahlogbook/input_Tanggal'

2023-08-03 16:28:34 - [MESSAGE][PASSED] - Text '01/07/2023' is set on object 'Object Repository/tambahlogbook/input_Tanggal'

2023-08-03 16:28:34 - [TEST_STEP][PASSED] - setText(findTestObject("tambahlogbook/input_Jam Mulai"), "13:00 "): Text '13:00 ' is set on object 'Object Repository/tambahlogbook/input_Jam Mulai'

2023-08-03 16:28:35 - [MESSAGE][PASSED] - Text '13:00 ' is set on object 'Object Repository/tambahlogbook/input_Jam Mulai'

2023-08-03 16:28:35 - [TEST_STEP][PASSED] - setText(findTestObject("tambahlogbook/input_Jam Selesai"), "03:00"): Text '03:00' is set on object 'Object Repository/tambahlogbook/input_Jam Selesai'

2023-08-03 16:28:36 - [MESSAGE][PASSED] - Text '03:00' is set on object 'Object Repository/tambahlogbook/input_Jam Selesai'

2023-08-03 16:28:36 - [TEST_STEP][PASSED] - selectOptionByValue(findTestObject("tambahlogbook/input_Mode Kerja"), "WFO", false): All options with value 'WFO' are selected in object 'Object Repository/tambahlogbook/input_Mode Kerja' 

2023-08-03 16:28:36 - [MESSAGE][PASSED] - All options with value 'WFO' are selected in object 'Object Repository/tambahlogbook/input_Mode Kerja' 

2023-08-03 16:28:36 - [TEST_STEP][PASSED] - setText(findTestObject("tambahlogbook/input_Project"), "HRSV Dashboard"): Text 'HRSV Dashboard' is set on object 'Object Repository/tambahlogbook/input_Project'

2023-08-03 16:28:37 - [MESSAGE][PASSED] - Text 'HRSV Dashboard' is set on object 'Object Repository/tambahlogbook/input_Project'

2023-08-03 16:28:37 - [TEST_STEP][PASSED] - setText(findTestObject("tambahlogbook/input_Nama Tim"), "HRSV Team"): Text 'HRSV Team' is set on object 'Object Repository/tambahlogbook/input_Nama Tim'

2023-08-03 16:28:38 - [MESSAGE][PASSED] - Text 'HRSV Team' is set on object 'Object Repository/tambahlogbook/input_Nama Tim'

2023-08-03 16:28:38 - [TEST_STEP][PASSED] - setText(findTestObject("tambahlogbook/input_Use Case"), "Tambah Logbook"): Text 'Tambah Logbook' is set on object 'Object Repository/tambahlogbook/input_Use Case'

2023-08-03 16:28:39 - [MESSAGE][PASSED] - Text 'Tambah Logbook' is set on object 'Object Repository/tambahlogbook/input_Use Case'

2023-08-03 16:28:39 - [TEST_STEP][PASSED] - selectOptionByValue(findTestObject("tambahlogbook/input_Kegiatan"), "Searching Materi", false): All options with value 'Searching Materi' are selected in object 'Object Repository/tambahlogbook/input_Kegiatan' 

2023-08-03 16:28:39 - [MESSAGE][PASSED] - All options with value 'Searching Materi' are selected in object 'Object Repository/tambahlogbook/input_Kegiatan' 

2023-08-03 16:28:39 - [TEST_STEP][PASSED] - setText(findTestObject("tambahlogbook/input_Hasil"), "300"): Text '300' is set on object 'Object Repository/tambahlogbook/input_Hasil'

2023-08-03 16:28:40 - [MESSAGE][PASSED] - Text '300' is set on object 'Object Repository/tambahlogbook/input_Hasil'

2023-08-03 16:28:40 - [TEST_STEP][PASSED] - selectOptionByValue(findTestObject("tambahlogbook/input_Next Step"), "Pause", false): All options with value 'Pause' are selected in object 'Object Repository/tambahlogbook/input_Next Step' 

2023-08-03 16:28:41 - [MESSAGE][PASSED] - All options with value 'Pause' are selected in object 'Object Repository/tambahlogbook/input_Next Step' 

2023-08-03 16:28:41 - [TEST_STEP][PASSED] - setText(findTestObject("tambahlogbook/input_PathFilename"), "testfilepath"): Text 'testfilepath' is set on object 'Object Repository/tambahlogbook/input_PathFilename'

2023-08-03 16:28:42 - [MESSAGE][PASSED] - Text 'testfilepath' is set on object 'Object Repository/tambahlogbook/input_PathFilename'

2023-08-03 16:28:42 - [TEST_STEP][PASSED] - setText(findTestObject("tambahlogbook/input_Detail Pekerjaan"), "test case detail pekerjaan"): Text 'test case detail pekerjaan' is set on object 'Object Repository/tambahlogbook/input_Detail Pekerjaan'

2023-08-03 16:28:42 - [MESSAGE][PASSED] - Text 'test case detail pekerjaan' is set on object 'Object Repository/tambahlogbook/input_Detail Pekerjaan'

2023-08-03 16:28:42 - [TEST_STEP][PASSED] - selectOptionByValue(findTestObject("tambahlogbook/input_Waktu Kerja"), "Jam Normal", false): All options with value 'Jam Normal' are selected in object 'Object Repository/tambahlogbook/input_Waktu Kerja' 

2023-08-03 16:28:43 - [MESSAGE][PASSED] - All options with value 'Jam Normal' are selected in object 'Object Repository/tambahlogbook/input_Waktu Kerja' 

2023-08-03 16:28:43 - [TEST_STEP][PASSED] - click(findTestObject("tambahlogbook/button_Submit")): Object: 'Object Repository/tambahlogbook/button_Submit' is clicked on

2023-08-03 16:28:44 - [MESSAGE][PASSED] - Object: 'Object Repository/tambahlogbook/button_Submit' is clicked on]]></system-out>
         <system-err><![CDATA[]]></system-err>
      </testcase>
      <system-out><![CDATA[2023-08-03 16:28:25 - [TEST_SUITE][PASSED] - Tambah Logbook: Test Cases/Logbook/001 Capaian Negative]]></system-out>
      <system-err><![CDATA[]]></system-err>
   </testsuite>
</testsuites>
